<?xml version="1.0" encoding="UTF-8"?>
<testng-results skipped="0" failed="0" ignored="0" total="0" passed="0">
  <reporter-output>
  </reporter-output>
  <suite name="Siddhi-Io-Twitter-Test-Suite" duration-ms="10" started-at="2019-04-20T10:24:49Z" finished-at="2019-04-20T10:24:49Z">
    <groups>
    </groups>
    <test name="Siddhi-io-twitter-tests" duration-ms="10" started-at="2019-04-20T10:24:49Z" finished-at="2019-04-20T10:24:49Z">
    </test> <!-- Siddhi-io-twitter-tests -->
  </suite> <!-- Siddhi-Io-Twitter-Test-Suite -->
</testng-results>
