<?xml version="1.0" encoding="UTF-8" standalone="yes"?><!DOCTYPE report PUBLIC "-//JACOCO//DTD Report 1.0//EN" "report.dtd"><report name="Siddhi IO Twitter extension"><sessioninfo id="ajaya-ThinkPad-T530-76527e93" start="1555755887165" dump="1555755889813"/><package name="org/wso2/extension/siddhi/io/twitter/util"><class name="org/wso2/extension/siddhi/io/twitter/util/QueryBuilder"><method name="&lt;init&gt;" desc="()V" line="30"><counter type="INSTRUCTION" missed="3" covered="0"/><counter type="LINE" missed="2" covered="0"/><counter type="COMPLEXITY" missed="1" covered="0"/><counter type="METHOD" missed="1" covered="0"/></method><method name="createQuery" desc="(Ljava/lang/String;ILjava/lang/String;JJLjava/lang/String;Ljava/lang/String;Ljava/lang/String;Ljava/lang/String;DDDLjava/lang/String;)Ltwitter4j/Query;" line="36"><counter type="INSTRUCTION" missed="70" covered="0"/><counter type="BRANCH" missed="12" covered="0"/><counter type="LINE" missed="17" covered="0"/><counter type="COMPLEXITY" missed="7" covered="0"/><counter type="METHOD" missed="1" covered="0"/></method><method name="createFilterQuery" desc="(Ljava/lang/String;Ljava/lang/String;[JLjava/lang/String;[[D)Ltwitter4j/FilterQuery;" line="64"><counter type="INSTRUCTION" missed="48" covered="0"/><counter type="BRANCH" missed="10" covered="0"/><counter type="LINE" missed="13" covered="0"/><counter type="COMPLEXITY" missed="6" covered="0"/><counter type="METHOD" missed="1" covered="0"/></method><method name="getTrackParam" desc="()Ljava/lang/String;" line="89"><counter type="INSTRUCTION" missed="2" covered="0"/><counter type="LINE" missed="1" covered="0"/><counter type="COMPLEXITY" missed="1" covered="0"/><counter type="METHOD" missed="1" covered="0"/></method><method name="getQueryParam" desc="()Ljava/lang/String;" line="93"><counter type="INSTRUCTION" missed="2" covered="0"/><counter type="LINE" missed="1" covered="0"/><counter type="COMPLEXITY" missed="1" covered="0"/><counter type="METHOD" missed="1" covered="0"/></method><counter type="INSTRUCTION" missed="125" covered="0"/><counter type="BRANCH" missed="22" covered="0"/><counter type="LINE" missed="34" covered="0"/><counter type="COMPLEXITY" missed="16" covered="0"/><counter type="METHOD" missed="5" covered="0"/><counter type="CLASS" missed="1" covered="0"/></class><class name="org/wso2/extension/siddhi/io/twitter/util/Util"><method name="&lt;init&gt;" desc="()V" line="31"><counter type="INSTRUCTION" missed="3" covered="0"/><counter type="LINE" missed="2" covered="0"/><counter type="COMPLEXITY" missed="1" covered="0"/><counter type="METHOD" missed="1" covered="0"/></method><method name="locationParam" desc="(Ljava/lang/String;)[[D" line="36"><counter type="INSTRUCTION" missed="67" covered="0"/><counter type="BRANCH" missed="6" covered="0"/><counter type="LINE" missed="13" covered="0"/><counter type="COMPLEXITY" missed="4" covered="0"/><counter type="METHOD" missed="1" covered="0"/></method><method name="followParam" desc="(Ljava/lang/String;)[J" line="57"><counter type="INSTRUCTION" missed="43" covered="0"/><counter type="BRANCH" missed="2" covered="0"/><counter type="LINE" missed="7" covered="0"/><counter type="COMPLEXITY" missed="2" covered="0"/><counter type="METHOD" missed="1" covered="0"/></method><method name="createMap" desc="(Ltwitter4j/Status;)Ljava/util/Map;" line="69"><counter type="INSTRUCTION" missed="431" covered="0"/><counter type="BRANCH" missed="36" covered="0"/><counter type="LINE" missed="70" covered="0"/><counter type="COMPLEXITY" missed="19" covered="0"/><counter type="METHOD" missed="1" covered="0"/></method><counter type="INSTRUCTION" missed="544" covered="0"/><counter type="BRANCH" missed="44" covered="0"/><counter type="LINE" missed="92" covered="0"/><counter type="COMPLEXITY" missed="26" covered="0"/><counter type="METHOD" missed="4" covered="0"/><counter type="CLASS" missed="1" covered="0"/></class><class name="org/wso2/extension/siddhi/io/twitter/util/TwitterConstants"><method name="&lt;init&gt;" desc="()V" line="33"><counter type="INSTRUCTION" missed="3" covered="0"/><counter type="LINE" missed="2" covered="0"/><counter type="COMPLEXITY" missed="1" covered="0"/><counter type="METHOD" missed="1" covered="0"/></method><method name="&lt;clinit&gt;" desc="()V" line="96"><counter type="INSTRUCTION" missed="134" covered="0"/><counter type="LINE" missed="5" covered="0"/><counter type="COMPLEXITY" missed="1" covered="0"/><counter type="METHOD" missed="1" covered="0"/></method><counter type="INSTRUCTION" missed="137" covered="0"/><counter type="LINE" missed="7" covered="0"/><counter type="COMPLEXITY" missed="2" covered="0"/><counter type="METHOD" missed="2" covered="0"/><counter type="CLASS" missed="1" covered="0"/></class><sourcefile name="Util.java"><line nr="31" mi="2" ci="0" mb="0" cb="0"/><line nr="32" mi="1" ci="0" mb="0" cb="0"/><line nr="36" mi="4" ci="0" mb="0" cb="0"/><line nr="37" mi="4" ci="0" mb="2" cb="0"/><line nr="38" mi="5" ci="0" mb="0" cb="0"/><line nr="40" mi="7" ci="0" mb="0" cb="0"/><line nr="41" mi="2" ci="0" mb="0" cb="0"/><line nr="42" mi="10" ci="0" mb="2" cb="0"/><line nr="43" mi="7" ci="0" mb="2" cb="0"/><line nr="45" mi="10" ci="0" mb="0" cb="0"/><line nr="46" mi="1" ci="0" mb="0" cb="0"/><line nr="47" mi="8" ci="0" mb="0" cb="0"/><line nr="48" mi="6" ci="0" mb="0" cb="0"/><line nr="49" mi="1" ci="0" mb="0" cb="0"/><line nr="52" mi="2" ci="0" mb="0" cb="0"/><line nr="57" mi="6" ci="0" mb="0" cb="0"/><line nr="58" mi="10" ci="0" mb="2" cb="0"/><line nr="60" mi="9" ci="0" mb="0" cb="0"/><line nr="61" mi="1" ci="0" mb="0" cb="0"/><line nr="62" mi="14" ci="0" mb="0" cb="0"/><line nr="63" mi="1" ci="0" mb="0" cb="0"/><line nr="65" mi="2" ci="0" mb="0" cb="0"/><line nr="69" mi="4" ci="0" mb="0" cb="0"/><line nr="70" mi="5" ci="0" mb="4" cb="0"/><line nr="71" mi="4" ci="0" mb="0" cb="0"/><line nr="72" mi="5" ci="0" mb="4" cb="0"/><line nr="73" mi="4" ci="0" mb="0" cb="0"/><line nr="74" mi="9" ci="0" mb="2" cb="0"/><line nr="75" mi="6" ci="0" mb="0" cb="0"/><line nr="76" mi="5" ci="0" mb="0" cb="0"/><line nr="77" mi="4" ci="0" mb="0" cb="0"/><line nr="78" mi="4" ci="0" mb="0" cb="0"/><line nr="79" mi="4" ci="0" mb="0" cb="0"/><line nr="80" mi="4" ci="0" mb="0" cb="0"/><line nr="87" mi="9" ci="0" mb="2" cb="0"/><line nr="88" mi="15" ci="0" mb="0" cb="0"/><line nr="90" mi="3" ci="0" mb="0" cb="0"/><line nr="91" mi="9" ci="0" mb="2" cb="0"/><line nr="92" mi="5" ci="0" mb="0" cb="0"/><line nr="94" mi="9" ci="0" mb="2" cb="0"/><line nr="95" mi="15" ci="0" mb="0" cb="0"/><line nr="97" mi="3" ci="0" mb="0" cb="0"/><line nr="98" mi="9" ci="0" mb="2" cb="0"/><line nr="99" mi="2" ci="0" mb="0" cb="0"/><line nr="100" mi="3" ci="0" mb="0" cb="0"/><line nr="102" mi="9" ci="0" mb="2" cb="0"/><line nr="103" mi="15" ci="0" mb="0" cb="0"/><line nr="105" mi="3" ci="0" mb="0" cb="0"/><line nr="106" mi="9" ci="0" mb="2" cb="0"/><line nr="107" mi="2" ci="0" mb="0" cb="0"/><line nr="108" mi="3" ci="0" mb="0" cb="0"/><line nr="109" mi="9" ci="0" mb="2" cb="0"/><line nr="110" mi="15" ci="0" mb="0" cb="0"/><line nr="112" mi="3" ci="0" mb="0" cb="0"/><line nr="113" mi="9" ci="0" mb="2" cb="0"/><line nr="114" mi="2" ci="0" mb="0" cb="0"/><line nr="115" mi="3" ci="0" mb="0" cb="0"/><line nr="116" mi="4" ci="0" mb="0" cb="0"/><line nr="118" mi="5" ci="0" mb="0" cb="0"/><line nr="119" mi="7" ci="0" mb="0" cb="0"/><line nr="120" mi="6" ci="0" mb="0" cb="0"/><line nr="121" mi="7" ci="0" mb="0" cb="0"/><line nr="122" mi="7" ci="0" mb="0" cb="0"/><line nr="123" mi="7" ci="0" mb="0" cb="0"/><line nr="124" mi="7" ci="0" mb="0" cb="0"/><line nr="125" mi="8" ci="0" mb="0" cb="0"/><line nr="126" mi="7" ci="0" mb="0" cb="0"/><line nr="127" mi="5" ci="0" mb="0" cb="0"/><line nr="128" mi="5" ci="0" mb="0" cb="0"/><line nr="129" mi="5" ci="0" mb="0" cb="0"/><line nr="130" mi="5" ci="0" mb="0" cb="0"/><line nr="131" mi="6" ci="0" mb="0" cb="0"/><line nr="132" mi="6" ci="0" mb="0" cb="0"/><line nr="133" mi="7" ci="0" mb="0" cb="0"/><line nr="134" mi="7" ci="0" mb="0" cb="0"/><line nr="135" mi="5" ci="0" mb="0" cb="0"/><line nr="136" mi="7" ci="0" mb="0" cb="0"/><line nr="137" mi="7" ci="0" mb="0" cb="0"/><line nr="138" mi="7" ci="0" mb="0" cb="0"/><line nr="139" mi="10" ci="0" mb="2" cb="0"/><line nr="140" mi="2" ci="0" mb="0" cb="0"/><line nr="141" mi="10" ci="0" mb="2" cb="0"/><line nr="142" mi="2" ci="0" mb="0" cb="0"/><line nr="143" mi="10" ci="0" mb="2" cb="0"/><line nr="144" mi="2" ci="0" mb="0" cb="0"/><line nr="145" mi="10" ci="0" mb="2" cb="0"/><line nr="146" mi="2" ci="0" mb="0" cb="0"/><line nr="147" mi="10" ci="0" mb="2" cb="0"/><line nr="148" mi="2" ci="0" mb="0" cb="0"/><line nr="149" mi="5" ci="0" mb="0" cb="0"/><line nr="150" mi="5" ci="0" mb="0" cb="0"/><line nr="151" mi="2" ci="0" mb="0" cb="0"/><counter type="INSTRUCTION" missed="544" covered="0"/><counter type="BRANCH" missed="44" covered="0"/><counter type="LINE" missed="92" covered="0"/><counter type="COMPLEXITY" missed="26" covered="0"/><counter type="METHOD" missed="4" covered="0"/><counter type="CLASS" missed="1" covered="0"/></sourcefile><sourcefile name="QueryBuilder.java"><line nr="30" mi="2" ci="0" mb="0" cb="0"/><line nr="31" mi="1" ci="0" mb="0" cb="0"/><line nr="36" mi="5" ci="0" mb="0" cb="0"/><line nr="37" mi="2" ci="0" mb="0" cb="0"/><line nr="38" mi="2" ci="0" mb="2" cb="0"/><line nr="39" mi="4" ci="0" mb="0" cb="0"/><line nr="41" mi="4" ci="0" mb="2" cb="0"/><line nr="42" mi="4" ci="0" mb="0" cb="0"/><line nr="44" mi="4" ci="0" mb="2" cb="0"/><line nr="45" mi="5" ci="0" mb="0" cb="0"/><line nr="47" mi="4" ci="0" mb="2" cb="0"/><line nr="48" mi="10" ci="0" mb="0" cb="0"/><line nr="50" mi="4" ci="0" mb="2" cb="0"/><line nr="51" mi="4" ci="0" mb="0" cb="0"/><line nr="53" mi="4" ci="0" mb="2" cb="0"/><line nr="54" mi="4" ci="0" mb="0" cb="0"/><line nr="56" mi="4" ci="0" mb="0" cb="0"/><line nr="57" mi="4" ci="0" mb="0" cb="0"/><line nr="59" mi="2" ci="0" mb="0" cb="0"/><line nr="64" mi="4" ci="0" mb="0" cb="0"/><line nr="65" mi="2" ci="0" mb="0" cb="0"/><line nr="66" mi="4" ci="0" mb="2" cb="0"/><line nr="67" mi="6" ci="0" mb="0" cb="0"/><line nr="70" mi="4" ci="0" mb="2" cb="0"/><line nr="71" mi="6" ci="0" mb="0" cb="0"/><line nr="74" mi="2" ci="0" mb="2" cb="0"/><line nr="75" mi="4" ci="0" mb="0" cb="0"/><line nr="78" mi="4" ci="0" mb="2" cb="0"/><line nr="79" mi="4" ci="0" mb="0" cb="0"/><line nr="82" mi="2" ci="0" mb="2" cb="0"/><line nr="83" mi="4" ci="0" mb="0" cb="0"/><line nr="85" mi="2" ci="0" mb="0" cb="0"/><line nr="89" mi="2" ci="0" mb="0" cb="0"/><line nr="93" mi="2" ci="0" mb="0" cb="0"/><counter type="INSTRUCTION" missed="125" covered="0"/><counter type="BRANCH" missed="22" covered="0"/><counter type="LINE" missed="34" covered="0"/><counter type="COMPLEXITY" missed="16" covered="0"/><counter type="METHOD" missed="5" covered="0"/><counter type="CLASS" missed="1" covered="0"/></sourcefile><sourcefile name="TwitterConstants.java"><line nr="33" mi="2" ci="0" mb="0" cb="0"/><line nr="34" mi="1" ci="0" mb="0" cb="0"/><line nr="96" mi="29" ci="0" mb="0" cb="0"/><line nr="103" mi="25" ci="0" mb="0" cb="0"/><line nr="110" mi="45" ci="0" mb="0" cb="0"/><line nr="122" mi="17" ci="0" mb="0" cb="0"/><line nr="127" mi="18" ci="0" mb="0" cb="0"/><counter type="INSTRUCTION" missed="137" covered="0"/><counter type="LINE" missed="7" covered="0"/><counter type="COMPLEXITY" missed="2" covered="0"/><counter type="METHOD" missed="2" covered="0"/><counter type="CLASS" missed="1" covered="0"/></sourcefile><counter type="INSTRUCTION" missed="806" covered="0"/><counter type="BRANCH" missed="66" covered="0"/><counter type="LINE" missed="133" covered="0"/><counter type="COMPLEXITY" missed="44" covered="0"/><counter type="METHOD" missed="11" covered="0"/><counter type="CLASS" missed="3" covered="0"/></package><package name="org/wso2/extension/siddhi/io/twitter/source"><class name="org/wso2/extension/siddhi/io/twitter/source/TwitterSource"><method name="&lt;init&gt;" desc="()V" line="301"><counter type="INSTRUCTION" missed="3" covered="0"/><counter type="LINE" missed="1" covered="0"/><counter type="COMPLEXITY" missed="1" covered="0"/><counter type="METHOD" missed="1" covered="0"/></method><method name="exposeServiceDeploymentInfo" desc="()Lio/siddhi/core/stream/ServiceDeploymentInfo;" line="340"><counter type="INSTRUCTION" missed="2" covered="0"/><counter type="LINE" missed="1" covered="0"/><counter type="COMPLEXITY" missed="1" covered="0"/><counter type="METHOD" missed="1" covered="0"/></method><method name="init" desc="(Lio/siddhi/core/stream/input/source/SourceEventListener;Lio/siddhi/core/util/transport/OptionHolder;[Ljava/lang/String;Lio/siddhi/core/util/config/ConfigReader;Lio/siddhi/core/config/SiddhiAppContext;)Lio/siddhi/core/util/snapshot/state/StateFactory;" line="360"><counter type="INSTRUCTION" missed="136" covered="0"/><counter type="LINE" missed="26" covered="0"/><counter type="COMPLEXITY" missed="1" covered="0"/><counter type="METHOD" missed="1" covered="0"/></method><method name="getOutputEventClasses" desc="()[Ljava/lang/Class;" line="410"><counter type="INSTRUCTION" missed="7" covered="0"/><counter type="LINE" missed="1" covered="0"/><counter type="COMPLEXITY" missed="1" covered="0"/><counter type="METHOD" missed="1" covered="0"/></method><method name="connect" desc="(Lio/siddhi/core/stream/input/source/Source$ConnectionCallback;Lorg/wso2/extension/siddhi/io/twitter/source/TwitterSource$TwitterSourceExtensionState;)V" line="427"><counter type="INSTRUCTION" missed="149" covered="0"/><counter type="BRANCH" missed="6" covered="0"/><counter type="LINE" missed="24" covered="0"/><counter type="COMPLEXITY" missed="4" covered="0"/><counter type="METHOD" missed="1" covered="0"/></method><method name="disconnect" desc="()V" line="464"><counter type="INSTRUCTION" missed="13" covered="0"/><counter type="BRANCH" missed="4" covered="0"/><counter type="LINE" missed="5" covered="0"/><counter type="COMPLEXITY" missed="3" covered="0"/><counter type="METHOD" missed="1" covered="0"/></method><method name="destroy" desc="()V" line="477"><counter type="INSTRUCTION" missed="26" covered="0"/><counter type="BRANCH" missed="6" covered="0"/><counter type="LINE" missed="8" covered="0"/><counter type="COMPLEXITY" missed="4" covered="0"/><counter type="METHOD" missed="1" covered="0"/></method><method name="pause" desc="()V" line="494"><counter type="INSTRUCTION" missed="13" covered="0"/><counter type="BRANCH" missed="2" covered="0"/><counter type="LINE" missed="4" covered="0"/><counter type="COMPLEXITY" missed="2" covered="0"/><counter type="METHOD" missed="1" covered="0"/></method><method name="resume" desc="()V" line="506"><counter type="INSTRUCTION" missed="13" covered="0"/><counter type="BRANCH" missed="2" covered="0"/><counter type="LINE" missed="4" covered="0"/><counter type="COMPLEXITY" missed="2" covered="0"/><counter type="METHOD" missed="1" covered="0"/></method><method name="validateParameter" desc="()V" line="551"><counter type="INSTRUCTION" missed="273" covered="0"/><counter type="BRANCH" missed="34" covered="0"/><counter type="LINE" missed="43" covered="0"/><counter type="COMPLEXITY" missed="18" covered="0"/><counter type="METHOD" missed="1" covered="0"/></method><method name="lambda$init$0" desc="()Lorg/wso2/extension/siddhi/io/twitter/source/TwitterSource$TwitterSourceExtensionState;" line="399"><counter type="INSTRUCTION" missed="5" covered="0"/><counter type="LINE" missed="1" covered="0"/><counter type="COMPLEXITY" missed="1" covered="0"/><counter type="METHOD" missed="1" covered="0"/></method><method name="&lt;clinit&gt;" desc="()V" line="302"><counter type="INSTRUCTION" missed="4" covered="0"/><counter type="LINE" missed="1" covered="0"/><counter type="COMPLEXITY" missed="1" covered="0"/><counter type="METHOD" missed="1" covered="0"/></method><counter type="INSTRUCTION" missed="644" covered="0"/><counter type="BRANCH" missed="54" covered="0"/><counter type="LINE" missed="118" covered="0"/><counter type="COMPLEXITY" missed="39" covered="0"/><counter type="METHOD" missed="12" covered="0"/><counter type="CLASS" missed="1" covered="0"/></class><class name="org/wso2/extension/siddhi/io/twitter/source/TwitterStatusListener"><method name="&lt;init&gt;" desc="(Lio/siddhi/core/stream/input/source/SourceEventListener;)V" line="40"><counter type="INSTRUCTION" missed="16" covered="0"/><counter type="LINE" missed="5" covered="0"/><counter type="COMPLEXITY" missed="1" covered="0"/><counter type="METHOD" missed="1" covered="0"/></method><method name="onStatus" desc="(Ltwitter4j/Status;)V" line="50"><counter type="INSTRUCTION" missed="39" covered="0"/><counter type="BRANCH" missed="4" covered="0"/><counter type="LINE" missed="11" covered="0"/><counter type="COMPLEXITY" missed="3" covered="0"/><counter type="METHOD" missed="1" covered="0"/></method><method name="onDeletionNotice" desc="(Ltwitter4j/StatusDeletionNotice;)V" line="68"><counter type="INSTRUCTION" missed="12" covered="0"/><counter type="LINE" missed="2" covered="0"/><counter type="COMPLEXITY" missed="1" covered="0"/><counter type="METHOD" missed="1" covered="0"/></method><method name="onTrackLimitationNotice" desc="(I)V" line="73"><counter type="INSTRUCTION" missed="11" covered="0"/><counter type="LINE" missed="2" covered="0"/><counter type="COMPLEXITY" missed="1" covered="0"/><counter type="METHOD" missed="1" covered="0"/></method><method name="onScrubGeo" desc="(JJ)V" line="79"><counter type="INSTRUCTION" missed="15" covered="0"/><counter type="LINE" missed="2" covered="0"/><counter type="COMPLEXITY" missed="1" covered="0"/><counter type="METHOD" missed="1" covered="0"/></method><method name="onStallWarning" desc="(Ltwitter4j/StallWarning;)V" line="85"><counter type="INSTRUCTION" missed="11" covered="0"/><counter type="LINE" missed="2" covered="0"/><counter type="COMPLEXITY" missed="1" covered="0"/><counter type="METHOD" missed="1" covered="0"/></method><method name="onException" desc="(Ljava/lang/Exception;)V" line="90"><counter type="INSTRUCTION" missed="5" covered="0"/><counter type="LINE" missed="2" covered="0"/><counter type="COMPLEXITY" missed="1" covered="0"/><counter type="METHOD" missed="1" covered="0"/></method><method name="pause" desc="()V" line="94"><counter type="INSTRUCTION" missed="4" covered="0"/><counter type="LINE" missed="2" covered="0"/><counter type="COMPLEXITY" missed="1" covered="0"/><counter type="METHOD" missed="1" covered="0"/></method><method name="resume" desc="()V" line="98"><counter type="INSTRUCTION" missed="20" covered="0"/><counter type="LINE" missed="6" covered="0"/><counter type="COMPLEXITY" missed="1" covered="0"/><counter type="METHOD" missed="1" covered="0"/></method><method name="&lt;clinit&gt;" desc="()V" line="37"><counter type="INSTRUCTION" missed="4" covered="0"/><counter type="LINE" missed="1" covered="0"/><counter type="COMPLEXITY" missed="1" covered="0"/><counter type="METHOD" missed="1" covered="0"/></method><counter type="INSTRUCTION" missed="137" covered="0"/><counter type="BRANCH" missed="4" covered="0"/><counter type="LINE" missed="35" covered="0"/><counter type="COMPLEXITY" missed="12" covered="0"/><counter type="METHOD" missed="10" covered="0"/><counter type="CLASS" missed="1" covered="0"/></class><class name="org/wso2/extension/siddhi/io/twitter/source/TwitterPoller"><method name="&lt;init&gt;" desc="(Ltwitter4j/Twitter;Ltwitter4j/Query;Lio/siddhi/core/stream/input/source/SourceEventListener;)V" line="40"><counter type="INSTRUCTION" missed="28" covered="0"/><counter type="LINE" missed="9" covered="0"/><counter type="COMPLEXITY" missed="1" covered="0"/><counter type="METHOD" missed="1" covered="0"/></method><method name="run" desc="()V" line="65"><counter type="INSTRUCTION" missed="116" covered="0"/><counter type="BRANCH" missed="14" covered="0"/><counter type="LINE" missed="30" covered="0"/><counter type="COMPLEXITY" missed="8" covered="0"/><counter type="METHOD" missed="1" covered="0"/></method><method name="checkRateLimit" desc="(Ltwitter4j/QueryResult;)V" line="113"><counter type="INSTRUCTION" missed="24" covered="0"/><counter type="BRANCH" missed="2" covered="0"/><counter type="LINE" missed="7" covered="0"/><counter type="COMPLEXITY" missed="2" covered="0"/><counter type="METHOD" missed="1" covered="0"/></method><method name="pause" desc="()V" line="124"><counter type="INSTRUCTION" missed="4" covered="0"/><counter type="LINE" missed="2" covered="0"/><counter type="COMPLEXITY" missed="1" covered="0"/><counter type="METHOD" missed="1" covered="0"/></method><method name="kill" desc="()V" line="128"><counter type="INSTRUCTION" missed="4" covered="0"/><counter type="LINE" missed="2" covered="0"/><counter type="COMPLEXITY" missed="1" covered="0"/><counter type="METHOD" missed="1" covered="0"/></method><method name="resume" desc="()V" line="132"><counter type="INSTRUCTION" missed="20" covered="0"/><counter type="LINE" missed="6" covered="0"/><counter type="COMPLEXITY" missed="1" covered="0"/><counter type="METHOD" missed="1" covered="0"/></method><method name="&lt;clinit&gt;" desc="()V" line="38"><counter type="INSTRUCTION" missed="4" covered="0"/><counter type="LINE" missed="1" covered="0"/><counter type="COMPLEXITY" missed="1" covered="0"/><counter type="METHOD" missed="1" covered="0"/></method><counter type="INSTRUCTION" missed="200" covered="0"/><counter type="BRANCH" missed="16" covered="0"/><counter type="LINE" missed="57" covered="0"/><counter type="COMPLEXITY" missed="15" covered="0"/><counter type="METHOD" missed="7" covered="0"/><counter type="CLASS" missed="1" covered="0"/></class><class name="org/wso2/extension/siddhi/io/twitter/source/TwitterSource$TwitterSourceExtensionState"><method name="&lt;init&gt;" desc="(Lorg/wso2/extension/siddhi/io/twitter/source/TwitterSource;)V" line="513"><counter type="INSTRUCTION" missed="6" covered="0"/><counter type="LINE" missed="1" covered="0"/><counter type="COMPLEXITY" missed="1" covered="0"/><counter type="METHOD" missed="1" covered="0"/></method><method name="canDestroy" desc="()Z" line="517"><counter type="INSTRUCTION" missed="2" covered="0"/><counter type="LINE" missed="1" covered="0"/><counter type="COMPLEXITY" missed="1" covered="0"/><counter type="METHOD" missed="1" covered="0"/></method><method name="snapshot" desc="()Ljava/util/Map;" line="528"><counter type="INSTRUCTION" missed="15" covered="0"/><counter type="LINE" missed="3" covered="0"/><counter type="COMPLEXITY" missed="1" covered="0"/><counter type="METHOD" missed="1" covered="0"/></method><method name="restore" desc="(Ljava/util/Map;)V" line="542"><counter type="INSTRUCTION" missed="11" covered="0"/><counter type="LINE" missed="2" covered="0"/><counter type="COMPLEXITY" missed="1" covered="0"/><counter type="METHOD" missed="1" covered="0"/></method><counter type="INSTRUCTION" missed="34" covered="0"/><counter type="LINE" missed="7" covered="0"/><counter type="COMPLEXITY" missed="4" covered="0"/><counter type="METHOD" missed="4" covered="0"/><counter type="CLASS" missed="1" covered="0"/></class><sourcefile name="TwitterStatusListener.java"><line nr="37" mi="4" ci="0" mb="0" cb="0"/><line nr="40" mi="5" ci="0" mb="0" cb="0"/><line nr="41" mi="5" ci="0" mb="0" cb="0"/><line nr="43" mi="2" ci="0" mb="0" cb="0"/><line nr="44" mi="3" ci="0" mb="0" cb="0"/><line nr="45" mi="1" ci="0" mb="0" cb="0"/><line nr="50" mi="3" ci="0" mb="2" cb="0"/><line nr="51" mi="3" ci="0" mb="0" cb="0"/><line nr="53" mi="3" ci="0" mb="2" cb="0"/><line nr="54" mi="4" ci="0" mb="0" cb="0"/><line nr="56" mi="1" ci="0" mb="0" cb="0"/><line nr="57" mi="2" ci="0" mb="0" cb="0"/><line nr="59" mi="10" ci="0" mb="0" cb="0"/><line nr="60" mi="4" ci="0" mb="0" cb="0"/><line nr="62" mi="3" ci="0" mb="0" cb="0"/><line nr="63" mi="5" ci="0" mb="0" cb="0"/><line nr="64" mi="1" ci="0" mb="0" cb="0"/><line nr="68" mi="11" ci="0" mb="0" cb="0"/><line nr="69" mi="1" ci="0" mb="0" cb="0"/><line nr="73" mi="10" ci="0" mb="0" cb="0"/><line nr="75" mi="1" ci="0" mb="0" cb="0"/><line nr="79" mi="14" ci="0" mb="0" cb="0"/><line nr="81" mi="1" ci="0" mb="0" cb="0"/><line nr="85" mi="10" ci="0" mb="0" cb="0"/><line nr="86" mi="1" ci="0" mb="0" cb="0"/><line nr="90" mi="4" ci="0" mb="0" cb="0"/><line nr="91" mi="1" ci="0" mb="0" cb="0"/><line nr="94" mi="3" ci="0" mb="0" cb="0"/><line nr="95" mi="1" ci="0" mb="0" cb="0"/><line nr="98" mi="3" ci="0" mb="0" cb="0"/><line nr="100" mi="3" ci="0" mb="0" cb="0"/><line nr="101" mi="3" ci="0" mb="0" cb="0"/><line nr="103" mi="7" ci="0" mb="0" cb="0"/><line nr="104" mi="3" ci="0" mb="0" cb="0"/><line nr="105" mi="1" ci="0" mb="0" cb="0"/><counter type="INSTRUCTION" missed="137" covered="0"/><counter type="BRANCH" missed="4" covered="0"/><counter type="LINE" missed="35" covered="0"/><counter type="COMPLEXITY" missed="12" covered="0"/><counter type="METHOD" missed="10" covered="0"/><counter type="CLASS" missed="1" covered="0"/></sourcefile><sourcefile name="TwitterSource.java"><line nr="301" mi="3" ci="0" mb="0" cb="0"/><line nr="302" mi="4" ci="0" mb="0" cb="0"/><line nr="340" mi="2" ci="0" mb="0" cb="0"/><line nr="360" mi="3" ci="0" mb="0" cb="0"/><line nr="361" mi="5" ci="0" mb="0" cb="0"/><line nr="362" mi="5" ci="0" mb="0" cb="0"/><line nr="363" mi="5" ci="0" mb="0" cb="0"/><line nr="364" mi="5" ci="0" mb="0" cb="0"/><line nr="365" mi="5" ci="0" mb="0" cb="0"/><line nr="366" mi="6" ci="0" mb="0" cb="0"/><line nr="368" mi="6" ci="0" mb="0" cb="0"/><line nr="370" mi="6" ci="0" mb="0" cb="0"/><line nr="372" mi="6" ci="0" mb="0" cb="0"/><line nr="374" mi="6" ci="0" mb="0" cb="0"/><line nr="376" mi="6" ci="0" mb="0" cb="0"/><line nr="378" mi="7" ci="0" mb="0" cb="0"/><line nr="380" mi="6" ci="0" mb="0" cb="0"/><line nr="382" mi="7" ci="0" mb="0" cb="0"/><line nr="384" mi="8" ci="0" mb="0" cb="0"/><line nr="386" mi="6" ci="0" mb="0" cb="0"/><line nr="388" mi="6" ci="0" mb="0" cb="0"/><line nr="390" mi="6" ci="0" mb="0" cb="0"/><line nr="392" mi="6" ci="0" mb="0" cb="0"/><line nr="394" mi="6" ci="0" mb="0" cb="0"/><line nr="395" mi="1" ci="0" mb="0" cb="0"/><line nr="396" mi="4" ci="0" mb="0" cb="0"/><line nr="397" mi="4" ci="0" mb="0" cb="0"/><line nr="398" mi="2" ci="0" mb="0" cb="0"/><line nr="399" mi="8" ci="0" mb="0" cb="0"/><line nr="410" mi="7" ci="0" mb="0" cb="0"/><line nr="427" mi="4" ci="0" mb="0" cb="0"/><line nr="428" mi="6" ci="0" mb="0" cb="0"/><line nr="429" mi="3" ci="0" mb="0" cb="0"/><line nr="430" mi="3" ci="0" mb="0" cb="0"/><line nr="431" mi="2" ci="0" mb="0" cb="0"/><line nr="432" mi="2" ci="0" mb="0" cb="0"/><line nr="433" mi="5" ci="0" mb="2" cb="0"/><line nr="434" mi="8" ci="0" mb="0" cb="0"/><line nr="435" mi="12" ci="0" mb="0" cb="0"/><line nr="437" mi="7" ci="0" mb="0" cb="0"/><line nr="438" mi="5" ci="0" mb="0" cb="0"/><line nr="439" mi="5" ci="0" mb="2" cb="0"/><line nr="440" mi="4" ci="0" mb="0" cb="0"/><line nr="442" mi="5" ci="0" mb="0" cb="0"/><line nr="444" mi="5" ci="0" mb="2" cb="0"/><line nr="445" mi="7" ci="0" mb="0" cb="0"/><line nr="446" mi="29" ci="0" mb="0" cb="0"/><line nr="448" mi="9" ci="0" mb="0" cb="0"/><line nr="449" mi="11" ci="0" mb="0" cb="0"/><line nr="453" mi="1" ci="0" mb="0" cb="0"/><line nr="454" mi="8" ci="0" mb="0" cb="0"/><line nr="455" mi="6" ci="0" mb="0" cb="0"/><line nr="456" mi="1" ci="0" mb="0" cb="0"/><line nr="457" mi="1" ci="0" mb="0" cb="0"/><line nr="464" mi="3" ci="0" mb="2" cb="0"/><line nr="465" mi="3" ci="0" mb="0" cb="0"/><line nr="466" mi="3" ci="0" mb="2" cb="0"/><line nr="467" mi="3" ci="0" mb="0" cb="0"/><line nr="470" mi="1" ci="0" mb="0" cb="0"/><line nr="477" mi="3" ci="0" mb="2" cb="0"/><line nr="478" mi="3" ci="0" mb="0" cb="0"/><line nr="479" mi="3" ci="0" mb="2" cb="0"/><line nr="480" mi="3" ci="0" mb="0" cb="0"/><line nr="483" mi="5" ci="0" mb="2" cb="0"/><line nr="484" mi="5" ci="0" mb="0" cb="0"/><line nr="485" mi="3" ci="0" mb="0" cb="0"/><line nr="487" mi="1" ci="0" mb="0" cb="0"/><line nr="494" mi="5" ci="0" mb="2" cb="0"/><line nr="495" mi="4" ci="0" mb="0" cb="0"/><line nr="497" mi="3" ci="0" mb="0" cb="0"/><line nr="499" mi="1" ci="0" mb="0" cb="0"/><line nr="506" mi="5" ci="0" mb="2" cb="0"/><line nr="507" mi="4" ci="0" mb="0" cb="0"/><line nr="509" mi="3" ci="0" mb="0" cb="0"/><line nr="511" mi="1" ci="0" mb="0" cb="0"/><line nr="513" mi="6" ci="0" mb="0" cb="0"/><line nr="517" mi="2" ci="0" mb="0" cb="0"/><line nr="528" mi="4" ci="0" mb="0" cb="0"/><line nr="529" mi="9" ci="0" mb="0" cb="0"/><line nr="530" mi="2" ci="0" mb="0" cb="0"/><line nr="542" mi="10" ci="0" mb="0" cb="0"/><line nr="543" mi="1" ci="0" mb="0" cb="0"/><line nr="551" mi="4" ci="0" mb="0" cb="0"/><line nr="552" mi="5" ci="0" mb="2" cb="0"/><line nr="553" mi="11" ci="0" mb="2" cb="0"/><line nr="554" mi="6" ci="0" mb="2" cb="0"/><line nr="555" mi="2" ci="0" mb="2" cb="0"/><line nr="556" mi="19" ci="0" mb="0" cb="0"/><line nr="559" mi="2" ci="0" mb="0" cb="0"/><line nr="560" mi="5" ci="0" mb="2" cb="0"/><line nr="561" mi="4" ci="0" mb="2" cb="0"/><line nr="562" mi="5" ci="0" mb="0" cb="0"/><line nr="564" mi="11" ci="0" mb="2" cb="0"/><line nr="565" mi="6" ci="0" mb="2" cb="0"/><line nr="566" mi="2" ci="0" mb="2" cb="0"/><line nr="567" mi="19" ci="0" mb="0" cb="0"/><line nr="570" mi="2" ci="0" mb="0" cb="0"/><line nr="572" mi="15" ci="0" mb="0" cb="0"/><line nr="575" mi="4" ci="0" mb="2" cb="0"/><line nr="576" mi="5" ci="0" mb="0" cb="0"/><line nr="579" mi="4" ci="0" mb="2" cb="0"/><line nr="580" mi="5" ci="0" mb="0" cb="0"/><line nr="583" mi="4" ci="0" mb="2" cb="0"/><line nr="584" mi="2" ci="0" mb="0" cb="0"/><line nr="585" mi="5" ci="0" mb="0" cb="0"/><line nr="586" mi="5" ci="0" mb="0" cb="0"/><line nr="588" mi="6" ci="0" mb="0" cb="0"/><line nr="589" mi="6" ci="0" mb="0" cb="0"/><line nr="590" mi="10" ci="0" mb="0" cb="0"/><line nr="591" mi="1" ci="0" mb="0" cb="0"/><line nr="592" mi="8" ci="0" mb="0" cb="0"/><line nr="593" mi="5" ci="0" mb="0" cb="0"/><line nr="594" mi="1" ci="0" mb="0" cb="0"/><line nr="596" mi="16" ci="0" mb="2" cb="0"/><line nr="597" mi="5" ci="0" mb="2" cb="0"/><line nr="598" mi="2" ci="0" mb="0" cb="0"/><line nr="599" mi="1" ci="0" mb="0" cb="0"/><line nr="603" mi="2" ci="0" mb="2" cb="0"/><line nr="604" mi="14" ci="0" mb="0" cb="0"/><line nr="607" mi="4" ci="0" mb="0" cb="0"/><line nr="610" mi="5" ci="0" mb="2" cb="0"/><line nr="611" mi="15" ci="0" mb="0" cb="0"/><line nr="615" mi="4" ci="0" mb="2" cb="0"/><line nr="616" mi="15" ci="0" mb="0" cb="0"/><line nr="619" mi="1" ci="0" mb="0" cb="0"/><counter type="INSTRUCTION" missed="678" covered="0"/><counter type="BRANCH" missed="54" covered="0"/><counter type="LINE" missed="125" covered="0"/><counter type="COMPLEXITY" missed="43" covered="0"/><counter type="METHOD" missed="16" covered="0"/><counter type="CLASS" missed="2" covered="0"/></sourcefile><sourcefile name="TwitterPoller.java"><line nr="38" mi="4" ci="0" mb="0" cb="0"/><line nr="40" mi="3" ci="0" mb="0" cb="0"/><line nr="41" mi="5" ci="0" mb="0" cb="0"/><line nr="42" mi="5" ci="0" mb="0" cb="0"/><line nr="47" mi="3" ci="0" mb="0" cb="0"/><line nr="56" mi="2" ci="0" mb="0" cb="0"/><line nr="57" mi="3" ci="0" mb="0" cb="0"/><line nr="58" mi="3" ci="0" mb="0" cb="0"/><line nr="59" mi="3" ci="0" mb="0" cb="0"/><line nr="60" mi="1" ci="0" mb="0" cb="0"/><line nr="65" mi="2" ci="0" mb="0" cb="0"/><line nr="68" mi="3" ci="0" mb="2" cb="0"/><line nr="69" mi="2" ci="0" mb="0" cb="0"/><line nr="71" mi="7" ci="0" mb="0" cb="0"/><line nr="72" mi="4" ci="0" mb="0" cb="0"/><line nr="73" mi="10" ci="0" mb="2" cb="0"/><line nr="74" mi="3" ci="0" mb="0" cb="0"/><line nr="75" mi="2" ci="0" mb="2" cb="0"/><line nr="76" mi="4" ci="0" mb="0" cb="0"/><line nr="77" mi="2" ci="0" mb="0" cb="0"/><line nr="79" mi="3" ci="0" mb="2" cb="0"/><line nr="80" mi="3" ci="0" mb="0" cb="0"/><line nr="82" mi="3" ci="0" mb="2" cb="0"/><line nr="83" mi="4" ci="0" mb="0" cb="0"/><line nr="85" mi="1" ci="0" mb="0" cb="0"/><line nr="86" mi="2" ci="0" mb="0" cb="0"/><line nr="88" mi="10" ci="0" mb="0" cb="0"/><line nr="89" mi="4" ci="0" mb="0" cb="0"/><line nr="91" mi="5" ci="0" mb="0" cb="0"/><line nr="92" mi="1" ci="0" mb="0" cb="0"/><line nr="93" mi="4" ci="0" mb="2" cb="0"/><line nr="94" mi="6" ci="0" mb="0" cb="0"/><line nr="96" mi="5" ci="0" mb="0" cb="0"/><line nr="97" mi="4" ci="0" mb="0" cb="0"/><line nr="99" mi="4" ci="0" mb="0" cb="0"/><line nr="100" mi="1" ci="0" mb="0" cb="0"/><line nr="101" mi="11" ci="0" mb="0" cb="0"/><line nr="102" mi="1" ci="0" mb="0" cb="0"/><line nr="103" mi="4" ci="0" mb="2" cb="0"/><line nr="104" mi="1" ci="0" mb="0" cb="0"/><line nr="113" mi="4" ci="0" mb="2" cb="0"/><line nr="115" mi="5" ci="0" mb="0" cb="0"/><line nr="116" mi="1" ci="0" mb="0" cb="0"/><line nr="117" mi="2" ci="0" mb="0" cb="0"/><line nr="118" mi="10" ci="0" mb="0" cb="0"/><line nr="119" mi="1" ci="0" mb="0" cb="0"/><line nr="121" mi="1" ci="0" mb="0" cb="0"/><line nr="124" mi="3" ci="0" mb="0" cb="0"/><line nr="125" mi="1" ci="0" mb="0" cb="0"/><line nr="128" mi="3" ci="0" mb="0" cb="0"/><line nr="129" mi="1" ci="0" mb="0" cb="0"/><line nr="132" mi="3" ci="0" mb="0" cb="0"/><line nr="134" mi="3" ci="0" mb="0" cb="0"/><line nr="135" mi="3" ci="0" mb="0" cb="0"/><line nr="137" mi="7" ci="0" mb="0" cb="0"/><line nr="138" mi="3" ci="0" mb="0" cb="0"/><line nr="139" mi="1" ci="0" mb="0" cb="0"/><counter type="INSTRUCTION" missed="200" covered="0"/><counter type="BRANCH" missed="16" covered="0"/><counter type="LINE" missed="57" covered="0"/><counter type="COMPLEXITY" missed="15" covered="0"/><counter type="METHOD" missed="7" covered="0"/><counter type="CLASS" missed="1" covered="0"/></sourcefile><counter type="INSTRUCTION" missed="1015" covered="0"/><counter type="BRANCH" missed="74" covered="0"/><counter type="LINE" missed="217" covered="0"/><counter type="COMPLEXITY" missed="70" covered="0"/><counter type="METHOD" missed="33" covered="0"/><counter type="CLASS" missed="4" covered="0"/></package><counter type="INSTRUCTION" missed="1821" covered="0"/><counter type="BRANCH" missed="140" covered="0"/><counter type="LINE" missed="350" covered="0"/><counter type="COMPLEXITY" missed="114" covered="0"/><counter type="METHOD" missed="44" covered="0"/><counter type="CLASS" missed="7" covered="0"/></report>